This is pdfTeX, Version 3.14159265-2.6-1.40.17 (MiKTeX 2.9.6210 64-bit) (preloaded format=pdflatex 2017.4.6)  15 DEC 2017 23:31
entering extended mode
**./mgr_fiz.tex
(mgr_fiz.tex
LaTeX2e <2017/01/01> patch level 1
Babel <3.9r> and hyphenation patterns for 75 language(s) loaded.
(pracalicmgr.cls
Document Class: pracalicmgr 
("C:\Program Files\MiKTeX 2.9\tex\latex\base\report.cls"
Document Class: report 2014/09/29 v1.4h Standard LaTeX document class
("C:\Program Files\MiKTeX 2.9\tex\latex\base\size11.clo"
File: size11.clo 2014/09/29 v1.4h Standard LaTeX file (size option)
)
\c@part=\count79
\c@chapter=\count80
\c@section=\count81
\c@subsection=\count82
\c@subsubsection=\count83
\c@paragraph=\count84
\c@subparagraph=\count85
\c@figure=\count86
\c@table=\count87
\abovecaptionskip=\skip41
\belowcaptionskip=\skip42
\bibindent=\dimen102
))
("C:\Program Files\MiKTeX 2.9\tex\latex\polski\polski.sty"
Package: polski 2008/02/24 v1.3.3 Polish language package

Document language package `polski' v1.3.3 <2008/02/24>
\l@nohyphenation=\language75
   Switching to Polish text encoding and Polish maths fonts.
("C:\Program Files\MiKTeX 2.9\tex\latex\base\ot4enc.def"
File: ot4enc.def 2017/01/24 v2.0c Standard LaTeX file
)
LaTeX Font Info:    Try loading font information for OT4+cmr on input line 346.


("C:\Program Files\MiKTeX 2.9\tex\latex\polski\ot4cmr.fd"
File: ot4cmr.fd 2008/02/24 v1.2.1 Font defs for fonts PL (MW)
)
LaTeX Font Info:    Overwriting math alphabet `\mathbf' in version `normal'
(Font)                  OT1/cmr/bx/n --> OT4/cmr/bx/n on input line 346.
LaTeX Font Info:    Overwriting math alphabet `\mathsf' in version `normal'
(Font)                  OT1/cmss/m/n --> OT4/cmss/m/n on input line 346.
LaTeX Font Info:    Overwriting math alphabet `\mathit' in version `normal'
(Font)                  OT1/cmr/m/it --> OT4/cmr/m/it on input line 346.
LaTeX Font Info:    Overwriting math alphabet `\mathtt' in version `normal'
(Font)                  OT1/cmtt/m/n --> OT4/cmtt/m/n on input line 346.
LaTeX Font Info:    Overwriting math alphabet `\mathsf' in version `bold'
(Font)                  OT1/cmss/bx/n --> OT4/cmss/bx/n on input line 346.
LaTeX Font Info:    Overwriting math alphabet `\mathit' in version `bold'
(Font)                  OT1/cmr/bx/it --> OT4/cmr/bx/it on input line 346.
LaTeX Font Info:    Encoding `OT1' has changed to `OT4' for symbol font
(Font)              `operators' in the math version `normal' on input line 346.

LaTeX Font Info:    Overwriting symbol font `operators' in version `normal'
(Font)                  OT1/cmr/m/n --> OT4/cmr/m/n on input line 346.
LaTeX Font Info:    Overwriting symbol font `letters' in version `normal'
(Font)                  OML/cmm/m/it --> OML/plm/m/it on input line 346.
LaTeX Font Info:    Overwriting symbol font `symbols' in version `normal'
(Font)                  OMS/cmsy/m/n --> OMS/plsy/m/n on input line 346.
LaTeX Font Info:    Overwriting symbol font `largesymbols' in version `normal'
(Font)                  OMX/cmex/m/n --> OMX/plex/m/n on input line 346.
LaTeX Font Info:    Encoding `OT1' has changed to `OT4' for symbol font
(Font)              `operators' in the math version `bold' on input line 346.
LaTeX Font Info:    Overwriting symbol font `operators' in version `bold'
(Font)                  OT1/cmr/bx/n --> OT4/cmr/bx/n on input line 346.
LaTeX Font Info:    Overwriting symbol font `letters' in version `bold'
(Font)                  OML/cmm/b/it --> OML/plm/b/it on input line 346.
LaTeX Font Info:    Overwriting symbol font `symbols' in version `bold'
(Font)                  OMS/cmsy/b/n --> OMS/plsy/b/n on input line 346.
)
("C:\Program Files\MiKTeX 2.9\tex\latex\base\inputenc.sty"
Package: inputenc 2015/03/17 v1.2c Input encoding file
\inpenc@prehook=\toks14
\inpenc@posthook=\toks15

("C:\Program Files\MiKTeX 2.9\tex\latex\base\utf8.def"
File: utf8.def 2016/02/28 v1.1s UTF-8 support for inputenc
Now handling font encoding OML ...
... no UTF-8 mapping file for font encoding OML
Now handling font encoding T1 ...
... processing UTF-8 mapping file for font encoding T1

("C:\Program Files\MiKTeX 2.9\tex\latex\base\t1enc.dfu"
File: t1enc.dfu 2016/02/28 v1.1s UTF-8 support for inputenc
   defining Unicode char U+00A0 (decimal 160)
   defining Unicode char U+00A1 (decimal 161)
   defining Unicode char U+00A3 (decimal 163)
   defining Unicode char U+00AB (decimal 171)
   defining Unicode char U+00AD (decimal 173)
   defining Unicode char U+00BB (decimal 187)
   defining Unicode char U+00BF (decimal 191)
   defining Unicode char U+00C0 (decimal 192)
   defining Unicode char U+00C1 (decimal 193)
   defining Unicode char U+00C2 (decimal 194)
   defining Unicode char U+00C3 (decimal 195)
   defining Unicode char U+00C4 (decimal 196)
   defining Unicode char U+00C5 (decimal 197)
   defining Unicode char U+00C6 (decimal 198)
   defining Unicode char U+00C7 (decimal 199)
   defining Unicode char U+00C8 (decimal 200)
   defining Unicode char U+00C9 (decimal 201)
   defining Unicode char U+00CA (decimal 202)
   defining Unicode char U+00CB (decimal 203)
   defining Unicode char U+00CC (decimal 204)
   defining Unicode char U+00CD (decimal 205)
   defining Unicode char U+00CE (decimal 206)
   defining Unicode char U+00CF (decimal 207)
   defining Unicode char U+00D0 (decimal 208)
   defining Unicode char U+00D1 (decimal 209)
   defining Unicode char U+00D2 (decimal 210)
   defining Unicode char U+00D3 (decimal 211)
   defining Unicode char U+00D4 (decimal 212)
   defining Unicode char U+00D5 (decimal 213)
   defining Unicode char U+00D6 (decimal 214)
   defining Unicode char U+00D8 (decimal 216)
   defining Unicode char U+00D9 (decimal 217)
   defining Unicode char U+00DA (decimal 218)
   defining Unicode char U+00DB (decimal 219)
   defining Unicode char U+00DC (decimal 220)
   defining Unicode char U+00DD (decimal 221)
   defining Unicode char U+00DE (decimal 222)
   defining Unicode char U+00DF (decimal 223)
   defining Unicode char U+00E0 (decimal 224)
   defining Unicode char U+00E1 (decimal 225)
   defining Unicode char U+00E2 (decimal 226)
   defining Unicode char U+00E3 (decimal 227)
   defining Unicode char U+00E4 (decimal 228)
   defining Unicode char U+00E5 (decimal 229)
   defining Unicode char U+00E6 (decimal 230)
   defining Unicode char U+00E7 (decimal 231)
   defining Unicode char U+00E8 (decimal 232)
   defining Unicode char U+00E9 (decimal 233)
   defining Unicode char U+00EA (decimal 234)
   defining Unicode char U+00EB (decimal 235)
   defining Unicode char U+00EC (decimal 236)
   defining Unicode char U+00ED (decimal 237)
   defining Unicode char U+00EE (decimal 238)
   defining Unicode char U+00EF (decimal 239)
   defining Unicode char U+00F0 (decimal 240)
   defining Unicode char U+00F1 (decimal 241)
   defining Unicode char U+00F2 (decimal 242)
   defining Unicode char U+00F3 (decimal 243)
   defining Unicode char U+00F4 (decimal 244)
   defining Unicode char U+00F5 (decimal 245)
   defining Unicode char U+00F6 (decimal 246)
   defining Unicode char U+00F8 (decimal 248)
   defining Unicode char U+00F9 (decimal 249)
   defining Unicode char U+00FA (decimal 250)
   defining Unicode char U+00FB (decimal 251)
   defining Unicode char U+00FC (decimal 252)
   defining Unicode char U+00FD (decimal 253)
   defining Unicode char U+00FE (decimal 254)
   defining Unicode char U+00FF (decimal 255)
   defining Unicode char U+0100 (decimal 256)
   defining Unicode char U+0101 (decimal 257)
   defining Unicode char U+0102 (decimal 258)
   defining Unicode char U+0103 (decimal 259)
   defining Unicode char U+0104 (decimal 260)
   defining Unicode char U+0105 (decimal 261)
   defining Unicode char U+0106 (decimal 262)
   defining Unicode char U+0107 (decimal 263)
   defining Unicode char U+0108 (decimal 264)
   defining Unicode char U+0109 (decimal 265)
   defining Unicode char U+010A (decimal 266)
   defining Unicode char U+010B (decimal 267)
   defining Unicode char U+010C (decimal 268)
   defining Unicode char U+010D (decimal 269)
   defining Unicode char U+010E (decimal 270)
   defining Unicode char U+010F (decimal 271)
   defining Unicode char U+0110 (decimal 272)
   defining Unicode char U+0111 (decimal 273)
   defining Unicode char U+0112 (decimal 274)
   defining Unicode char U+0113 (decimal 275)
   defining Unicode char U+0114 (decimal 276)
   defining Unicode char U+0115 (decimal 277)
   defining Unicode char U+0116 (decimal 278)
   defining Unicode char U+0117 (decimal 279)
   defining Unicode char U+0118 (decimal 280)
   defining Unicode char U+0119 (decimal 281)
   defining Unicode char U+011A (decimal 282)
   defining Unicode char U+011B (decimal 283)
   defining Unicode char U+011C (decimal 284)
   defining Unicode char U+011D (decimal 285)
   defining Unicode char U+011E (decimal 286)
   defining Unicode char U+011F (decimal 287)
   defining Unicode char U+0120 (decimal 288)
   defining Unicode char U+0121 (decimal 289)
   defining Unicode char U+0122 (decimal 290)
   defining Unicode char U+0123 (decimal 291)
   defining Unicode char U+0124 (decimal 292)
   defining Unicode char U+0125 (decimal 293)
   defining Unicode char U+0128 (decimal 296)
   defining Unicode char U+0129 (decimal 297)
   defining Unicode char U+012A (decimal 298)
   defining Unicode char U+012B (decimal 299)
   defining Unicode char U+012C (decimal 300)
   defining Unicode char U+012D (decimal 301)
   defining Unicode char U+012E (decimal 302)
   defining Unicode char U+012F (decimal 303)
   defining Unicode char U+0130 (decimal 304)
   defining Unicode char U+0131 (decimal 305)
   defining Unicode char U+0132 (decimal 306)
   defining Unicode char U+0133 (decimal 307)
   defining Unicode char U+0134 (decimal 308)
   defining Unicode char U+0135 (decimal 309)
   defining Unicode char U+0136 (decimal 310)
   defining Unicode char U+0137 (decimal 311)
   defining Unicode char U+0139 (decimal 313)
   defining Unicode char U+013A (decimal 314)
   defining Unicode char U+013B (decimal 315)
   defining Unicode char U+013C (decimal 316)
   defining Unicode char U+013D (decimal 317)
   defining Unicode char U+013E (decimal 318)
   defining Unicode char U+0141 (decimal 321)
   defining Unicode char U+0142 (decimal 322)
   defining Unicode char U+0143 (decimal 323)
   defining Unicode char U+0144 (decimal 324)
   defining Unicode char U+0145 (decimal 325)
   defining Unicode char U+0146 (decimal 326)
   defining Unicode char U+0147 (decimal 327)
   defining Unicode char U+0148 (decimal 328)
   defining Unicode char U+014A (decimal 330)
   defining Unicode char U+014B (decimal 331)
   defining Unicode char U+014C (decimal 332)
   defining Unicode char U+014D (decimal 333)
   defining Unicode char U+014E (decimal 334)
   defining Unicode char U+014F (decimal 335)
   defining Unicode char U+0150 (decimal 336)
   defining Unicode char U+0151 (decimal 337)
   defining Unicode char U+0152 (decimal 338)
   defining Unicode char U+0153 (decimal 339)
   defining Unicode char U+0154 (decimal 340)
   defining Unicode char U+0155 (decimal 341)
   defining Unicode char U+0156 (decimal 342)
   defining Unicode char U+0157 (decimal 343)
   defining Unicode char U+0158 (decimal 344)
   defining Unicode char U+0159 (decimal 345)
   defining Unicode char U+015A (decimal 346)
   defining Unicode char U+015B (decimal 347)
   defining Unicode char U+015C (decimal 348)
   defining Unicode char U+015D (decimal 349)
   defining Unicode char U+015E (decimal 350)
   defining Unicode char U+015F (decimal 351)
   defining Unicode char U+0160 (decimal 352)
   defining Unicode char U+0161 (decimal 353)
   defining Unicode char U+0162 (decimal 354)
   defining Unicode char U+0163 (decimal 355)
   defining Unicode char U+0164 (decimal 356)
   defining Unicode char U+0165 (decimal 357)
   defining Unicode char U+0168 (decimal 360)
   defining Unicode char U+0169 (decimal 361)
   defining Unicode char U+016A (decimal 362)
   defining Unicode char U+016B (decimal 363)
   defining Unicode char U+016C (decimal 364)
   defining Unicode char U+016D (decimal 365)
   defining Unicode char U+016E (decimal 366)
   defining Unicode char U+016F (decimal 367)
   defining Unicode char U+0170 (decimal 368)
   defining Unicode char U+0171 (decimal 369)
   defining Unicode char U+0172 (decimal 370)
   defining Unicode char U+0173 (decimal 371)
   defining Unicode char U+0174 (decimal 372)
   defining Unicode char U+0175 (decimal 373)
   defining Unicode char U+0176 (decimal 374)
   defining Unicode char U+0177 (decimal 375)
   defining Unicode char U+0178 (decimal 376)
   defining Unicode char U+0179 (decimal 377)
   defining Unicode char U+017A (decimal 378)
   defining Unicode char U+017B (decimal 379)
   defining Unicode char U+017C (decimal 380)
   defining Unicode char U+017D (decimal 381)
   defining Unicode char U+017E (decimal 382)
   defining Unicode char U+01CD (decimal 461)
   defining Unicode char U+01CE (decimal 462)
   defining Unicode char U+01CF (decimal 463)
   defining Unicode char U+01D0 (decimal 464)
   defining Unicode char U+01D1 (decimal 465)
   defining Unicode char U+01D2 (decimal 466)
   defining Unicode char U+01D3 (decimal 467)
   defining Unicode char U+01D4 (decimal 468)
   defining Unicode char U+01E2 (decimal 482)
   defining Unicode char U+01E3 (decimal 483)
   defining Unicode char U+01E6 (decimal 486)
   defining Unicode char U+01E7 (decimal 487)
   defining Unicode char U+01E8 (decimal 488)
   defining Unicode char U+01E9 (decimal 489)
   defining Unicode char U+01EA (decimal 490)
   defining Unicode char U+01EB (decimal 491)
   defining Unicode char U+01F0 (decimal 496)
   defining Unicode char U+01F4 (decimal 500)
   defining Unicode char U+01F5 (decimal 501)
   defining Unicode char U+0218 (decimal 536)
   defining Unicode char U+0219 (decimal 537)
   defining Unicode char U+021A (decimal 538)
   defining Unicode char U+021B (decimal 539)
   defining Unicode char U+1E02 (decimal 7682)
   defining Unicode char U+1E03 (decimal 7683)
   defining Unicode char U+200C (decimal 8204)
   defining Unicode char U+2010 (decimal 8208)
   defining Unicode char U+2011 (decimal 8209)
   defining Unicode char U+2012 (decimal 8210)
   defining Unicode char U+2013 (decimal 8211)
   defining Unicode char U+2014 (decimal 8212)
   defining Unicode char U+2015 (decimal 8213)
   defining Unicode char U+2018 (decimal 8216)
   defining Unicode char U+2019 (decimal 8217)
   defining Unicode char U+201A (decimal 8218)
   defining Unicode char U+201C (decimal 8220)
   defining Unicode char U+201D (decimal 8221)
   defining Unicode char U+201E (decimal 8222)
   defining Unicode char U+2030 (decimal 8240)
   defining Unicode char U+2031 (decimal 8241)
   defining Unicode char U+2039 (decimal 8249)
   defining Unicode char U+203A (decimal 8250)
   defining Unicode char U+2423 (decimal 9251)
)
Now handling font encoding OT1 ...
... processing UTF-8 mapping file for font encoding OT1

("C:\Program Files\MiKTeX 2.9\tex\latex\base\ot1enc.dfu"
File: ot1enc.dfu 2016/02/28 v1.1s UTF-8 support for inputenc
   defining Unicode char U+00A0 (decimal 160)
   defining Unicode char U+00A1 (decimal 161)
   defining Unicode char U+00A3 (decimal 163)
   defining Unicode char U+00AD (decimal 173)
   defining Unicode char U+00B8 (decimal 184)
   defining Unicode char U+00BF (decimal 191)
   defining Unicode char U+00C5 (decimal 197)
   defining Unicode char U+00C6 (decimal 198)
   defining Unicode char U+00D8 (decimal 216)
   defining Unicode char U+00DF (decimal 223)
   defining Unicode char U+00E6 (decimal 230)
   defining Unicode char U+00EC (decimal 236)
   defining Unicode char U+00ED (decimal 237)
   defining Unicode char U+00EE (decimal 238)
   defining Unicode char U+00EF (decimal 239)
   defining Unicode char U+00F8 (decimal 248)
   defining Unicode char U+0131 (decimal 305)
   defining Unicode char U+0141 (decimal 321)
   defining Unicode char U+0142 (decimal 322)
   defining Unicode char U+0152 (decimal 338)
   defining Unicode char U+0153 (decimal 339)
   defining Unicode char U+0174 (decimal 372)
   defining Unicode char U+0175 (decimal 373)
   defining Unicode char U+0176 (decimal 374)
   defining Unicode char U+0177 (decimal 375)
   defining Unicode char U+0218 (decimal 536)
   defining Unicode char U+0219 (decimal 537)
   defining Unicode char U+021A (decimal 538)
   defining Unicode char U+021B (decimal 539)
   defining Unicode char U+2013 (decimal 8211)
   defining Unicode char U+2014 (decimal 8212)
   defining Unicode char U+2018 (decimal 8216)
   defining Unicode char U+2019 (decimal 8217)
   defining Unicode char U+201C (decimal 8220)
   defining Unicode char U+201D (decimal 8221)
)
Now handling font encoding OMS ...
... processing UTF-8 mapping file for font encoding OMS

("C:\Program Files\MiKTeX 2.9\tex\latex\base\omsenc.dfu"
File: omsenc.dfu 2016/02/28 v1.1s UTF-8 support for inputenc
   defining Unicode char U+00A7 (decimal 167)
   defining Unicode char U+00B6 (decimal 182)
   defining Unicode char U+00B7 (decimal 183)
   defining Unicode char U+2020 (decimal 8224)
   defining Unicode char U+2021 (decimal 8225)
   defining Unicode char U+2022 (decimal 8226)
)
Now handling font encoding OMX ...
... no UTF-8 mapping file for font encoding OMX
Now handling font encoding U ...
... no UTF-8 mapping file for font encoding U
Now handling font encoding OT4 ...
... no UTF-8 mapping file for font encoding OT4
   defining Unicode char U+00A9 (decimal 169)
   defining Unicode char U+00AA (decimal 170)
   defining Unicode char U+00AE (decimal 174)
   defining Unicode char U+00BA (decimal 186)
   defining Unicode char U+02C6 (decimal 710)
   defining Unicode char U+02DC (decimal 732)
   defining Unicode char U+200C (decimal 8204)
   defining Unicode char U+2026 (decimal 8230)
   defining Unicode char U+2122 (decimal 8482)
   defining Unicode char U+2423 (decimal 9251)
))
("C:\Program Files\MiKTeX 2.9\tex\latex\graphics\graphicx.sty"
Package: graphicx 2014/10/28 v1.0g Enhanced LaTeX Graphics (DPC,SPQR)

("C:\Program Files\MiKTeX 2.9\tex\latex\graphics\keyval.sty"
Package: keyval 2014/10/28 v1.15 key=value parser (DPC)
\KV@toks@=\toks16
)
("C:\Program Files\MiKTeX 2.9\tex\latex\graphics\graphics.sty"
Package: graphics 2016/10/09 v1.0u Standard LaTeX Graphics (DPC,SPQR)

("C:\Program Files\MiKTeX 2.9\tex\latex\graphics\trig.sty"
Package: trig 2016/01/03 v1.10 sin cos tan (DPC)
)
("C:\Program Files\MiKTeX 2.9\tex\latex\graphics-cfg\graphics.cfg"
File: graphics.cfg 2016/06/04 v1.11 sample graphics configuration
)
Package graphics Info: Driver file: pdftex.def on input line 99.

("C:\Program Files\MiKTeX 2.9\tex\latex\graphics-def\pdftex.def"
File: pdftex.def 2017/01/12 v0.06k Graphics/color for pdfTeX

("C:\Program Files\MiKTeX 2.9\tex\generic\oberdiek\infwarerr.sty"
Package: infwarerr 2016/05/16 v1.4 Providing info/warning/error messages (HO)
)
("C:\Program Files\MiKTeX 2.9\tex\generic\oberdiek\ltxcmds.sty"
Package: ltxcmds 2016/05/16 v1.23 LaTeX kernel commands for general use (HO)
)
\Gread@gobject=\count88
))
\Gin@req@height=\dimen103
\Gin@req@width=\dimen104
)
("C:\Program Files\MiKTeX 2.9\tex\latex\tools\multicol.sty"
Package: multicol 2016/04/07 v1.8p multicolumn formatting (FMi)
\c@tracingmulticols=\count89
\mult@box=\box26
\multicol@leftmargin=\dimen105
\c@unbalance=\count90
\c@collectmore=\count91
\doublecol@number=\count92
\multicoltolerance=\count93
\multicolpretolerance=\count94
\full@width=\dimen106
\page@free=\dimen107
\premulticols=\dimen108
\postmulticols=\dimen109
\multicolsep=\skip43
\multicolbaselineskip=\skip44
\partial@page=\box27
\last@line=\box28
\maxbalancingoverflow=\dimen110
\mult@rightbox=\box29
\mult@grightbox=\box30
\mult@gfirstbox=\box31
\mult@firstbox=\box32
\@tempa=\box33
\@tempa=\box34
\@tempa=\box35
\@tempa=\box36
\@tempa=\box37
\@tempa=\box38
\@tempa=\box39
\@tempa=\box40
\@tempa=\box41
\@tempa=\box42
\@tempa=\box43
\@tempa=\box44
\@tempa=\box45
\@tempa=\box46
\@tempa=\box47
\@tempa=\box48
\@tempa=\box49
\c@columnbadness=\count95
\c@finalcolumnbadness=\count96
\last@try=\dimen111
\multicolovershoot=\dimen112
\multicolundershoot=\dimen113
\mult@nat@firstbox=\box50
\colbreak@box=\box51
\mc@col@check@num=\count97
)
("C:\Program Files\MiKTeX 2.9\tex\latex\caption\caption.sty"
Package: caption 2016/02/21 v3.3-144 Customizing captions (AR)

("C:\Program Files\MiKTeX 2.9\tex\latex\caption\caption3.sty"
Package: caption3 2016/05/22 v1.7-166 caption3 kernel (AR)
Package caption3 Info: TeX engine: e-TeX on input line 67.
\captionmargin=\dimen114
\captionmargin@=\dimen115
\captionwidth=\dimen116
\caption@tempdima=\dimen117
\caption@indent=\dimen118
\caption@parindent=\dimen119
\caption@hangindent=\dimen120
)
\c@ContinuedFloat=\count98
)
("C:\Program Files\MiKTeX 2.9\tex\latex\caption\subcaption.sty"
Package: subcaption 2016/05/22 v1.1-161 Sub-captions (AR)
\c@subfigure=\count99
\c@subtable=\count100
)
("C:\Program Files\MiKTeX 2.9\tex\latex\float\float.sty"
Package: float 2001/11/08 v1.3d Float enhancements (AL)
\c@float@type=\count101
\float@exts=\toks17
\float@box=\box52
\@float@everytoks=\toks18
\@floatcapt=\box53
)
("C:\Program Files\MiKTeX 2.9\tex\latex\biblatex\biblatex.sty"
Package: biblatex 2016/12/05 v3.7 programmable bibliographies (PK/JW/AB)

("C:\Program Files\MiKTeX 2.9\tex\generic\oberdiek\pdftexcmds.sty"
Package: pdftexcmds 2016/05/21 v0.22 Utility functions of pdfTeX for LuaTeX (HO
)

("C:\Program Files\MiKTeX 2.9\tex\generic\oberdiek\ifluatex.sty"
Package: ifluatex 2016/05/16 v1.4 Provides the ifluatex switch (HO)
Package ifluatex Info: LuaTeX not detected.
)
("C:\Program Files\MiKTeX 2.9\tex\generic\oberdiek\ifpdf.sty"
Package: ifpdf 2016/05/14 v3.1 Provides the ifpdf switch
)
Package pdftexcmds Info: LuaTeX not detected.
Package pdftexcmds Info: \pdf@primitive is available.
Package pdftexcmds Info: \pdf@ifprimitive is available.
Package pdftexcmds Info: \pdfdraftmode found.
)
("C:\Program Files\MiKTeX 2.9\tex\latex\etoolbox\etoolbox.sty"
Package: etoolbox 2017/01/02 v2.4 e-TeX tools for LaTeX (JAW)
\etb@tempcnta=\count102
)
("C:\Program Files\MiKTeX 2.9\tex\latex\oberdiek\kvoptions.sty"
Package: kvoptions 2016/05/16 v3.12 Key value format for package options (HO)

("C:\Program Files\MiKTeX 2.9\tex\generic\oberdiek\kvsetkeys.sty"
Package: kvsetkeys 2016/05/16 v1.17 Key value parser (HO)

("C:\Program Files\MiKTeX 2.9\tex\generic\oberdiek\etexcmds.sty"
Package: etexcmds 2016/05/16 v1.6 Avoid name clashes with e-TeX commands (HO)
Package etexcmds Info: Could not find \expanded.
(etexcmds)             That can mean that you are not using pdfTeX 1.50 or
(etexcmds)             that some package has redefined \expanded.
(etexcmds)             In the latter case, load this package earlier.
)))
("C:\Program Files\MiKTeX 2.9\tex\latex\logreq\logreq.sty"
Package: logreq 2010/08/04 v1.0 xml request logger
\lrq@indent=\count103

("C:\Program Files\MiKTeX 2.9\tex\latex\logreq\logreq.def"
File: logreq.def 2010/08/04 v1.0 logreq spec v1.0
))
("C:\Program Files\MiKTeX 2.9\tex\latex\base\ifthen.sty"
Package: ifthen 2014/09/29 v1.1c Standard LaTeX ifthen package (DPC)
)
("C:\Program Files\MiKTeX 2.9\tex\latex\url\url.sty"
\Urlmuskip=\muskip10
Package: url 2013/09/16  ver 3.4  Verb mode for urls, etc.
)
(C:\Users\Lalka\AppData\Roaming\MiKTeX\2.9\tex\latex\xstring\xstring.sty
(C:\Users\Lalka\AppData\Roaming\MiKTeX\2.9\tex\generic\xstring\xstring.tex
\@xs@message=\write3
\integerpart=\count104
\decimalpart=\count105
)
Package: xstring 2013/10/13  v1.7c  String manipulations (C Tellechea)
)
\c@tabx@nest=\count106
\c@listtotal=\count107
\c@listcount=\count108
\c@liststart=\count109
\c@liststop=\count110
\c@citecount=\count111
\c@citetotal=\count112
\c@multicitecount=\count113
\c@multicitetotal=\count114
\c@instcount=\count115
\c@maxnames=\count116
\c@minnames=\count117
\c@maxitems=\count118
\c@minitems=\count119
\c@citecounter=\count120
\c@savedcitecounter=\count121
\c@uniquelist=\count122
\c@uniquename=\count123
\c@refsection=\count124
\c@refsegment=\count125
\c@maxextratitle=\count126
\c@maxextratitleyear=\count127
\c@maxextrayear=\count128
\c@maxextraalpha=\count129
\c@abbrvpenalty=\count130
\c@highnamepenalty=\count131
\c@lownamepenalty=\count132
\c@maxparens=\count133
\c@parenlevel=\count134
\blx@tempcnta=\count135
\blx@tempcntb=\count136
\blx@tempcntc=\count137
\blx@maxsection=\count138
\blx@maxsegment@0=\count139
\blx@notetype=\count140
\blx@parenlevel@text=\count141
\blx@parenlevel@foot=\count142
\blx@sectionciteorder@0=\count143
\labelnumberwidth=\skip45
\labelalphawidth=\skip46
\biblabelsep=\skip47
\bibitemsep=\skip48
\bibnamesep=\skip49
\bibinitsep=\skip50
\bibparsep=\skip51
\bibhang=\skip52
\blx@bcfin=\read1
\blx@bcfout=\write4
\c@mincomprange=\count144
\c@maxcomprange=\count145
\c@mincompwidth=\count146
Package biblatex Info: Trying to load biblatex default data model...
Package biblatex Info: ... file 'blx-dm.def' found.

("C:\Program Files\MiKTeX 2.9\tex\latex\biblatex\blx-dm.def")
Package biblatex Info: Trying to load biblatex style data model...
Package biblatex Info: ... file 'authoryear.dbx' not found.
Package biblatex Info: Trying to load biblatex custom data model...
Package biblatex Info: ... file 'biblatex-dm.cfg' not found.
\c@afterword=\count147
\c@savedafterword=\count148
\c@annotator=\count149
\c@savedannotator=\count150
\c@author=\count151
\c@savedauthor=\count152
\c@bookauthor=\count153
\c@savedbookauthor=\count154
\c@commentator=\count155
\c@savedcommentator=\count156
\c@editor=\count157
\c@savededitor=\count158
\c@editora=\count159
\c@savededitora=\count160
\c@editorb=\count161
\c@savededitorb=\count162
\c@editorc=\count163
\c@savededitorc=\count164
\c@foreword=\count165
\c@savedforeword=\count166
\c@holder=\count167
\c@savedholder=\count168
\c@introduction=\count169
\c@savedintroduction=\count170
\c@namea=\count171
\c@savednamea=\count172
\c@nameb=\count173
\c@savednameb=\count174
\c@namec=\count175
\c@savednamec=\count176
\c@translator=\count177
\c@savedtranslator=\count178
\c@shortauthor=\count179
\c@savedshortauthor=\count180
\c@shorteditor=\count181
\c@savedshorteditor=\count182
\c@labelname=\count183
\c@savedlabelname=\count184
\c@institution=\count185
\c@savedinstitution=\count186
\c@lista=\count187
\c@savedlista=\count188
\c@listb=\count189
\c@savedlistb=\count190
\c@listc=\count191
\c@savedlistc=\count192
\c@listd=\count193
\c@savedlistd=\count194
\c@liste=\count195
\c@savedliste=\count196
\c@listf=\count197
\c@savedlistf=\count198
\c@location=\count199
\c@savedlocation=\count266
\c@organization=\count267
\c@savedorganization=\count268
\c@origlocation=\count269
\c@savedoriglocation=\count270
\c@origpublisher=\count271
\c@savedorigpublisher=\count272
\c@publisher=\count273
\c@savedpublisher=\count274
\c@language=\count275
\c@savedlanguage=\count276
\c@pageref=\count277
\c@savedpageref=\count278
\shorthandwidth=\skip53
\shortjournalwidth=\skip54
\shortserieswidth=\skip55
\shorttitlewidth=\skip56
\shortauthorwidth=\skip57
\shorteditorwidth=\skip58
Package biblatex Info: Trying to load compatibility code...
Package biblatex Info: ... file 'blx-compat.def' found.

("C:\Program Files\MiKTeX 2.9\tex\latex\biblatex\blx-compat.def"
File: blx-compat.def 2016/12/05 v3.7 biblatex compatibility (PK/JW/AB)
)
Package biblatex Info: Trying to load generic definitions...
Package biblatex Info: ... file 'biblatex.def' found.

("C:\Program Files\MiKTeX 2.9\tex\latex\biblatex\biblatex.def"
File: biblatex.def 2016/12/05 v3.7 biblatex compatibility (PK/JW/AB)
\c@textcitecount=\count279
\c@textcitetotal=\count280
\c@textcitemaxnames=\count281
\c@biburlnumpenalty=\count282
\c@biburlucpenalty=\count283
\c@biburllcpenalty=\count284
\c@smartand=\count285
)
Package biblatex Info: Trying to load bibliography style 'authoryear'...
Package biblatex Info: ... file 'authoryear.bbx' found.

("C:\Program Files\MiKTeX 2.9\tex\latex\biblatex\bbx\authoryear.bbx"
File: authoryear.bbx 2016/12/05 v3.7 biblatex bibliography style (PK/JW/AB)
Package biblatex Info: Trying to load bibliography style 'standard'...
Package biblatex Info: ... file 'standard.bbx' found.

("C:\Program Files\MiKTeX 2.9\tex\latex\biblatex\bbx\standard.bbx"
File: standard.bbx 2016/12/05 v3.7 biblatex bibliography style (PK/JW/AB)
\c@bbx:relatedcount=\count286
\c@bbx:relatedtotal=\count287
))
Package biblatex Info: Trying to load citation style 'authoryear'...
Package biblatex Info: ... file 'authoryear.cbx' found.

("C:\Program Files\MiKTeX 2.9\tex\latex\biblatex\cbx\authoryear.cbx"
File: authoryear.cbx 2016/12/05 v3.7 biblatex citation style (PK/JW/AB)
Package biblatex Info: Redefining '\cite'.
Package biblatex Info: Redefining '\parencite'.
Package biblatex Info: Redefining '\footcite'.
Package biblatex Info: Redefining '\footcitetext'.
Package biblatex Info: Redefining '\smartcite'.
Package biblatex Info: Redefining '\textcite'.
Package biblatex Info: Redefining '\textcites'.
)
Package biblatex Info: Trying to load configuration file...
Package biblatex Info: ... file 'biblatex.cfg' found.

("C:\Program Files\MiKTeX 2.9\tex\latex\biblatex\biblatex.cfg"
File: biblatex.cfg 
))
("C:\Program Files\MiKTeX 2.9\tex\latex\was\gensymb.sty"
Package: gensymb 2003/07/02 v1.0 (WaS)
) (zmiana_nazw.tex)
Package biblatex Info: Trying to load language 'english'...
Package biblatex Info: ... file 'english.lbx' found.

("C:\Program Files\MiKTeX 2.9\tex\latex\biblatex\lbx\english.lbx"
File: english.lbx 2016/12/05 v3.7 biblatex localization (PK/JW/AB)
)
\@quotelevel=\count288
\@quotereset=\count289
 (mgr_fiz.aux)
\openout1 = `mgr_fiz.aux'.

LaTeX Font Info:    Checking defaults for OML/cmm/m/it on input line 68.
LaTeX Font Info:    ... okay on input line 68.
LaTeX Font Info:    Checking defaults for T1/cmr/m/n on input line 68.
LaTeX Font Info:    ... okay on input line 68.
LaTeX Font Info:    Checking defaults for OT1/cmr/m/n on input line 68.
LaTeX Font Info:    ... okay on input line 68.
LaTeX Font Info:    Checking defaults for OMS/cmsy/m/n on input line 68.
LaTeX Font Info:    ... okay on input line 68.
LaTeX Font Info:    Checking defaults for OMX/cmex/m/n on input line 68.
LaTeX Font Info:    ... okay on input line 68.
LaTeX Font Info:    Checking defaults for U/cmr/m/n on input line 68.
LaTeX Font Info:    ... okay on input line 68.
LaTeX Font Info:    Checking defaults for OT4/cmr/m/n on input line 68.
LaTeX Font Info:    ... okay on input line 68.
 ("C:\Program Files\MiKTeX 2.9\tex\context\base\supp-pdf.mkii"
[Loading MPS to PDF converter (version 2006.09.02).]
\scratchcounter=\count290
\scratchdimen=\dimen121
\scratchbox=\box54
\nofMPsegments=\count291
\nofMParguments=\count292
\everyMPshowfont=\toks19
\MPscratchCnt=\count293
\MPscratchDim=\dimen122
\MPnumerator=\count294
\makeMPintoPDFobject=\count295
\everyMPtoPDFconversion=\toks20
) ("C:\Program Files\MiKTeX 2.9\tex\latex\oberdiek\epstopdf-base.sty"
Package: epstopdf-base 2016/05/15 v2.6 Base part for package epstopdf

("C:\Program Files\MiKTeX 2.9\tex\latex\oberdiek\grfext.sty"
Package: grfext 2016/05/16 v1.2 Manage graphics extensions (HO)

("C:\Program Files\MiKTeX 2.9\tex\generic\oberdiek\kvdefinekeys.sty"
Package: kvdefinekeys 2016/05/16 v1.4 Define keys (HO)
))
Package epstopdf-base Info: Redefining graphics rule for `.eps' on input line 4
38.
Package grfext Info: Graphics extension search list:
(grfext)             [.png,.pdf,.jpg,.mps,.jpeg,.jbig2,.jb2,.PNG,.PDF,.JPG,.JPE
G,.JBIG2,.JB2,.eps]
(grfext)             \AppendGraphicsExtensions on input line 456.
)
Package caption Info: Begin \AtBeginDocument code.
Package caption Info: float package is loaded.
Package caption Info: End \AtBeginDocument code.
Package biblatex Info: Input encoding 'utf8' detected.
Package biblatex Info: Automatic encoding selection.
(biblatex)             Assuming data encoding 'utf8'.
\openout4 = `mgr_fiz.bcf'.

Package biblatex Info: Trying to load bibliographic data...
Package biblatex Info: ... file 'mgr_fiz.bbl' found.

(mgr_fiz.bbl)
Package biblatex Info: Reference section=0 on input line 68.
Package biblatex Info: Reference segment=0 on input line 68.
LaTeX Info: Redefining \celsius on input line 68.
Package gensymb Info: Faking symbols for \degree and \celsius on input line 68.



Package gensymb Warning: Not defining \perthousand.

LaTeX Info: Redefining \ohm on input line 68.
Package gensymb Info: Using \Omega for \ohm on input line 68.

Package gensymb Warning: Not defining \micro.

LaTeX Font Info:    Try loading font information for OML+plm on input line 71.
("C:\Program Files\MiKTeX 2.9\tex\latex\polski\omlplm.fd"
File: omlplm.fd 2008/02/24 v1.2.1 Font defs for fonts PL (MW)
)
LaTeX Font Info:    Try loading font information for OMS+plsy on input line 71.


("C:\Program Files\MiKTeX 2.9\tex\latex\polski\omsplsy.fd"
File: omsplsy.fd 2008/02/24 v1.2.1 Font defs for fonts PL (MW)
)
LaTeX Font Info:    Try loading font information for OMX+plex on input line 71.


("C:\Program Files\MiKTeX 2.9\tex\latex\polski\omxplex.fd"
File: omxplex.fd 2008/02/24 v1.2.1 Font defs for fonts PL (MW)
)
LaTeX Font Info:    External font `plex10' loaded for size
(Font)              <12> on input line 71.
LaTeX Font Info:    External font `plex10' loaded for size
(Font)              <8> on input line 71.
LaTeX Font Info:    External font `plex10' loaded for size
(Font)              <6> on input line 71.
 [1

{C:/Users/Lalka/AppData/Local/MiKTeX/2.9/pdftex/config/pdftex.map}]
Missing character: There is no Â in font plr12!

Underfull \hbox (badness 10000) in paragraph at lines 71--71

 []


Underfull \hbox (badness 10000) in paragraph at lines 71--71

 []


Underfull \hbox (badness 10000) in paragraph at lines 71--71

 []


Underfull \hbox (badness 10000) in paragraph at lines 71--71

 []

[2] [1] (mgr_fiz.toc
LaTeX Font Info:    External font `plex10' loaded for size
(Font)              <10.95> on input line 3.
)
\tf@toc=\write5
\openout5 = `mgr_fiz.toc'.

 [2


] [3

]
Chapter 1.
<./images/neural_circuitry.png, id=23, 284.262pt x 134.30174pt>
File: ./images/neural_circuitry.png Graphic file (type png)

<use ./images/neural_circuitry.png>
Package pdftex.def Info: ./images/neural_circuitry.png used on input line 97.
(pdftex.def)             Requested size: 255.83342pt x 120.87044pt.

<./images/cell_M2.png, id=24, 862.422pt x 684.156pt>
File: ./images/cell_M2.png Graphic file (type png)

<use ./images/cell_M2.png>
Package pdftex.def Info: ./images/cell_M2.png used on input line 109.
(pdftex.def)             Requested size: 145.53665pt x 115.44894pt.

<./images/cell_P2.png, id=25, 862.422pt x 684.156pt>
File: ./images/cell_P2.png Graphic file (type png)

<use ./images/cell_P2.png>
Package pdftex.def Info: ./images/cell_P2.png used on input line 115.
(pdftex.def)             Requested size: 145.53665pt x 115.44894pt.

<./images/cell_K2.png, id=26, 862.422pt x 684.156pt>
File: ./images/cell_K2.png Graphic file (type png)

<use ./images/cell_K2.png>
Package pdftex.def Info: ./images/cell_K2.png used on input line 121.
(pdftex.def)             Requested size: 145.53665pt x 115.44894pt.

Underfull \vbox (badness 3907) has occurred while \output is active []

 [4

 <./images/neural_circuitry.png>] <./images/aga_LGN.png, id=30, 558.888pt x 428
.3202pt>
File: ./images/aga_LGN.png Graphic file (type png)

<use ./images/aga_LGN.png>
Package pdftex.def Info: ./images/aga_LGN.png used on input line 136.
(pdftex.def)             Requested size: 223.55124pt x 171.32504pt.
 [5 <./images/cell_M2.png> <./images/cell_P2.png> <./images/cell_K2.png> <./ima
ges/aga_LGN.png>]
<./images/morphology_neurons.png, id=38, 143.93774pt x 239.09325pt>
File: ./images/morphology_neurons.png Graphic file (type png)

<use ./images/morphology_neurons.png>
Package pdftex.def Info: ./images/morphology_neurons.png used on input line 146
.
(pdftex.def)             Requested size: 143.93738pt x 239.09265pt.

<./images/VCx_LFPs2.png, id=39, 674.52pt x 426.393pt>
File: ./images/VCx_LFPs2.png Graphic file (type png)

<use ./images/VCx_LFPs2.png>
Package pdftex.def Info: ./images/VCx_LFPs2.png used on input line 163.
(pdftex.def)             Requested size: 337.25917pt x 213.19597pt.

<./images/PSPs.png, id=40, 198.14024pt x 183.084pt>
File: ./images/PSPs.png Graphic file (type png)
 <use ./images/PSPs.png>
Package pdftex.def Info: ./images/PSPs.png used on input line 172.
(pdftex.def)             Requested size: 198.13974pt x 183.08354pt.

[6 <./images/morphology_neurons.png>] [7 <./images/VCx_LFPs2.png> <./images/PSP
s.png>]
Chapter 2.
<./images/stimuli.png, id=48, 682.9515pt x 262.581pt>
File: ./images/stimuli.png Graphic file (type png)

<use ./images/stimuli.png>
Package pdftex.def Info: ./images/stimuli.png used on input line 190.
(pdftex.def)             Requested size: 341.47491pt x 131.29016pt.
 [8

] [9 <./images/stimuli.png (PNG copy)>]
Chapter 3.
<./images/wybieranie_kanalow.png, id=56, 336.0555pt x 587.796pt>
File: ./images/wybieranie_kanalow.png Graphic file (type png)

<use ./images/wybieranie_kanalow.png>
Package pdftex.def Info: ./images/wybieranie_kanalow.png used on input line 213
.
(pdftex.def)             Requested size: 168.02733pt x 293.89728pt.

Underfull \vbox (badness 10000) has occurred while \output is active []

 [10

]
<./images/wybieranie_1Hz.png, id=63, 220.4235pt x 262.581pt>
File: ./images/wybieranie_1Hz.png Graphic file (type png)

<use ./images/wybieranie_1Hz.png>
Package pdftex.def Info: ./images/wybieranie_1Hz.png used on input line 225.
(pdftex.def)             Requested size: 176.40776pt x 210.1452pt.

<./images/wybieranie_2Hz.png, id=64, 220.4235pt x 262.581pt>
File: ./images/wybieranie_2Hz.png Graphic file (type png)

<use ./images/wybieranie_2Hz.png>
Package pdftex.def Info: ./images/wybieranie_2Hz.png used on input line 231.
(pdftex.def)             Requested size: 176.40776pt x 210.1452pt.

Overfull \hbox (2.43333pt too wide) in paragraph at lines 223--235
[]$[]$ $[]$ 
 []


Underfull \vbox (badness 10000) has occurred while \output is active []

 [11 <./images/wybieranie_kanalow.png (PNG copy)>] [12 <./images/wybieranie_1Hz
.png (PNG copy)> <./images/wybieranie_2Hz.png (PNG copy)>]
Chapter 4.
<./images/usrednianie3.png, id=72, 220.4235pt x 587.796pt>
File: ./images/usrednianie3.png Graphic file (type png)

<use ./images/usrednianie3.png>
Package pdftex.def Info: ./images/usrednianie3.png used on input line 250.
(pdftex.def)             Requested size: 143.27356pt x 382.06287pt.
 [13

 <./images/usrednianie3.png (PNG copy)>]
<./images/srednie_1Hz_5s.png, id=76, 451.6875pt x 587.796pt>
File: ./images/srednie_1Hz_5s.png Graphic file (type png)

<use ./images/srednie_1Hz_5s.png>
Package pdftex.def Info: ./images/srednie_1Hz_5s.png used on input line 262.
(pdftex.def)             Requested size: 220.50887pt x 286.9642pt.

<./images/srednie_2Hz_5s.png, id=77, 451.6875pt x 587.796pt>
File: ./images/srednie_2Hz_5s.png Graphic file (type png)

<use ./images/srednie_2Hz_5s.png>
Package pdftex.def Info: ./images/srednie_2Hz_5s.png used on input line 268.
(pdftex.def)             Requested size: 220.50887pt x 286.9642pt.

Overfull \hbox (2.43333pt too wide) in paragraph at lines 260--272
[]$[]$ $[]$ 
 []

<./images/srednie_4Hz_5s.png, id=78, 451.6875pt x 587.796pt>
File: ./images/srednie_4Hz_5s.png Graphic file (type png)

<use ./images/srednie_4Hz_5s.png>
Package pdftex.def Info: ./images/srednie_4Hz_5s.png used on input line 281.
(pdftex.def)             Requested size: 220.50887pt x 286.9642pt.

<./images/srednie_7Hz_5s.png, id=79, 451.6875pt x 587.796pt>
File: ./images/srednie_7Hz_5s.png Graphic file (type png)

<use ./images/srednie_7Hz_5s.png>
Package pdftex.def Info: ./images/srednie_7Hz_5s.png used on input line 287.
(pdftex.def)             Requested size: 220.50887pt x 286.9642pt.

Overfull \hbox (2.43333pt too wide) in paragraph at lines 279--291
[]$[]$ $[]$ 
 []

<./images/srednie_10Hz_5s.png, id=80, 451.6875pt x 587.796pt>
File: ./images/srednie_10Hz_5s.png Graphic file (type png)

<use ./images/srednie_10Hz_5s.png>
Package pdftex.def Info: ./images/srednie_10Hz_5s.png used on input line 294.
(pdftex.def)             Requested size: 220.50887pt x 286.9642pt.

<./images/srednie_12Hz_5s.png, id=81, 451.6875pt x 587.796pt>
File: ./images/srednie_12Hz_5s.png Graphic file (type png)

<use ./images/srednie_12Hz_5s.png>
Package pdftex.def Info: ./images/srednie_12Hz_5s.png used on input line 300.
(pdftex.def)             Requested size: 220.50887pt x 286.9642pt.

Overfull \hbox (2.43333pt too wide) in paragraph at lines 292--304
[]$[]$ $[]$ 
 []


Underfull \vbox (badness 10000) has occurred while \output is active []

 [14 <./images/srednie_1Hz_5s.png (PNG copy)> <./images/srednie_2Hz_5s.png (PNG
 copy)>]
Underfull \vbox (badness 10000) has occurred while \output is active []

 [15 <./images/srednie_4Hz_5s.png (PNG copy)> <./images/srednie_7Hz_5s.png (PNG
 copy)> <./images/srednie_10Hz_5s.png (PNG copy)> <./images/srednie_12Hz_5s.png
 (PNG copy)>] <./images/widmo_1Hz.png, id=88, 451.6875pt x 587.796pt>
File: ./images/widmo_1Hz.png Graphic file (type png)

<use ./images/widmo_1Hz.png>
Package pdftex.def Info: ./images/widmo_1Hz.png used on input line 316.
(pdftex.def)             Requested size: 220.50887pt x 286.9642pt.

<./images/widmo_2Hz.png, id=89, 451.6875pt x 587.796pt>
File: ./images/widmo_2Hz.png Graphic file (type png)

<use ./images/widmo_2Hz.png>
Package pdftex.def Info: ./images/widmo_2Hz.png used on input line 322.
(pdftex.def)             Requested size: 220.50887pt x 286.9642pt.

<./images/widmo_4Hz.png, id=90, 451.6875pt x 587.796pt>
File: ./images/widmo_4Hz.png Graphic file (type png)

<use ./images/widmo_4Hz.png>
Package pdftex.def Info: ./images/widmo_4Hz.png used on input line 332.
(pdftex.def)             Requested size: 220.50887pt x 286.9642pt.

<./images/widmo_7Hz.png, id=91, 451.6875pt x 587.796pt>
File: ./images/widmo_7Hz.png Graphic file (type png)

<use ./images/widmo_7Hz.png>
Package pdftex.def Info: ./images/widmo_7Hz.png used on input line 338.
(pdftex.def)             Requested size: 220.50887pt x 286.9642pt.

Overfull \hbox (2.43333pt too wide) in paragraph at lines 330--342
[]$[]$ $[]$ 
 []

<./images/widmo_10Hz.png, id=92, 451.6875pt x 587.796pt>
File: ./images/widmo_10Hz.png Graphic file (type png)

<use ./images/widmo_10Hz.png>
Package pdftex.def Info: ./images/widmo_10Hz.png used on input line 346.
(pdftex.def)             Requested size: 220.50887pt x 286.9642pt.

<./images/widmo_12Hz.png, id=93, 451.6875pt x 587.796pt>
File: ./images/widmo_12Hz.png Graphic file (type png)

<use ./images/widmo_12Hz.png>
Package pdftex.def Info: ./images/widmo_12Hz.png used on input line 352.
(pdftex.def)             Requested size: 220.50887pt x 286.9642pt.

Overfull \hbox (2.43333pt too wide) in paragraph at lines 344--356
[]$[]$ $[]$ 
 []


Underfull \vbox (badness 10000) has occurred while \output is active []

 [16 <./images/widmo_1Hz.png (PNG copy)> <./images/widmo_2Hz.png (PNG copy)>]
Underfull \vbox (badness 10000) has occurred while \output is active []

 [17 <./images/widmo_4Hz.png (PNG copy)> <./images/widmo_7Hz.png (PNG copy)> <.
/images/widmo_10Hz.png (PNG copy)> <./images/widmo_12Hz.png (PNG copy)>]
<./images/csd_1Hz_5s.png, id=101, 421.575pt x 316.18124pt>
File: ./images/csd_1Hz_5s.png Graphic file (type png)

<use ./images/csd_1Hz_5s.png>
Package pdftex.def Info: ./images/csd_1Hz_5s.png used on input line 368.
(pdftex.def)             Requested size: 220.50887pt x 165.38492pt.

<./images/csd_2Hz_5s.png, id=102, 421.575pt x 316.18124pt>
File: ./images/csd_2Hz_5s.png Graphic file (type png)

<use ./images/csd_2Hz_5s.png>
Package pdftex.def Info: ./images/csd_2Hz_5s.png used on input line 374.
(pdftex.def)             Requested size: 220.50887pt x 165.38492pt.

<./images/csd_4Hz_5s.png, id=103, 421.575pt x 316.18124pt>
File: ./images/csd_4Hz_5s.png Graphic file (type png)

<use ./images/csd_4Hz_5s.png>
Package pdftex.def Info: ./images/csd_4Hz_5s.png used on input line 381.
(pdftex.def)             Requested size: 220.50887pt x 165.38492pt.

<./images/csd_7Hz_5s.png, id=104, 421.575pt x 316.18124pt>
File: ./images/csd_7Hz_5s.png Graphic file (type png)

<use ./images/csd_7Hz_5s.png>
Package pdftex.def Info: ./images/csd_7Hz_5s.png used on input line 387.
(pdftex.def)             Requested size: 220.50887pt x 165.38492pt.

Overfull \hbox (2.43333pt too wide) in paragraph at lines 379--391
[]$[]$ $[]$ 
 []

<./images/csd_10Hz_5s.png, id=105, 421.575pt x 316.18124pt>
File: ./images/csd_10Hz_5s.png Graphic file (type png)

<use ./images/csd_10Hz_5s.png>
Package pdftex.def Info: ./images/csd_10Hz_5s.png used on input line 397.
(pdftex.def)             Requested size: 220.50887pt x 165.38492pt.

<./images/csd_12Hz_5s.png, id=106, 421.575pt x 316.18124pt>
File: ./images/csd_12Hz_5s.png Graphic file (type png)

<use ./images/csd_12Hz_5s.png>
Package pdftex.def Info: ./images/csd_12Hz_5s.png used on input line 403.
(pdftex.def)             Requested size: 220.50887pt x 165.38492pt.

Overfull \hbox (2.43333pt too wide) in paragraph at lines 395--407
[]$[]$ $[]$ 
 []


Underfull \vbox (badness 10000) has occurred while \output is active []

 [18 <./images/csd_1Hz_5s.png (PNG copy)> <./images/csd_2Hz_5s.png (PNG copy)> 
<./images/csd_4Hz_5s.png (PNG copy)> <./images/csd_7Hz_5s.png (PNG copy)>]
<./images/srednie_1Hz_linie.png, id=110, 451.6875pt x 587.796pt>
File: ./images/srednie_1Hz_linie.png Graphic file (type png)

<use ./images/srednie_1Hz_linie.png>
Package pdftex.def Info: ./images/srednie_1Hz_linie.png used on input line 419.

(pdftex.def)             Requested size: 220.50887pt x 286.9642pt.

<./images/srednie_1Hz_std.png, id=111, 451.6875pt x 587.796pt>
File: ./images/srednie_1Hz_std.png Graphic file (type png)

<use ./images/srednie_1Hz_std.png>
Package pdftex.def Info: ./images/srednie_1Hz_std.png used on input line 425.
(pdftex.def)             Requested size: 220.50887pt x 286.9642pt.

Underfull \vbox (badness 10000) has occurred while \output is active []

 [19 <./images/csd_10Hz_5s.png (PNG copy)> <./images/csd_12Hz_5s.png (PNG copy)
>]
<./images/profile_1Hz_amp.png, id=115, 625.1355pt x 327.624pt>
File: ./images/profile_1Hz_amp.png Graphic file (type png)

<use ./images/profile_1Hz_amp.png>
Package pdftex.def Info: ./images/profile_1Hz_amp.png used on input line 439.
(pdftex.def)             Requested size: 220.50887pt x 115.56496pt.

<./images/profile_1Hz_amp2.png, id=116, 625.1355pt x 327.624pt>
File: ./images/profile_1Hz_amp2.png Graphic file (type png)

<use ./images/profile_1Hz_amp2.png>
Package pdftex.def Info: ./images/profile_1Hz_amp2.png used on input line 445.
(pdftex.def)             Requested size: 220.50887pt x 115.56496pt.
 [20 <./images/srednie_1Hz_linie.png (PNG copy)> <./images/srednie_1Hz_std.png 
(PNG copy)> <./images/profile_1Hz_amp.png (PNG copy)> <./images/profile_1Hz_amp
2.png (PNG copy)>]
<./images/profile_1Hz_wid.png, id=120, 625.1355pt x 327.624pt>
File: ./images/profile_1Hz_wid.png Graphic file (type png)

<use ./images/profile_1Hz_wid.png>
Package pdftex.def Info: ./images/profile_1Hz_wid.png used on input line 460.
(pdftex.def)             Requested size: 220.50887pt x 115.56496pt.

<./images/profile_1Hz_wid2.png, id=121, 625.1355pt x 327.624pt>
File: ./images/profile_1Hz_wid2.png Graphic file (type png)

<use ./images/profile_1Hz_wid2.png>
Package pdftex.def Info: ./images/profile_1Hz_wid2.png used on input line 466.
(pdftex.def)             Requested size: 220.50887pt x 115.56496pt.

<./images/profile_2Hz_amp.png, id=122, 625.1355pt x 327.624pt>
File: ./images/profile_2Hz_amp.png Graphic file (type png)

<use ./images/profile_2Hz_amp.png>
Package pdftex.def Info: ./images/profile_2Hz_amp.png used on input line 484.
(pdftex.def)             Requested size: 220.50887pt x 115.56496pt.

<./images/profile_2Hz_amp2.png, id=123, 625.1355pt x 327.624pt>
File: ./images/profile_2Hz_amp2.png Graphic file (type png)

<use ./images/profile_2Hz_amp2.png>
Package pdftex.def Info: ./images/profile_2Hz_amp2.png used on input line 490.
(pdftex.def)             Requested size: 220.50887pt x 115.56496pt.

<./images/profile_2Hz_wid.png, id=124, 625.1355pt x 327.624pt>
File: ./images/profile_2Hz_wid.png Graphic file (type png)

<use ./images/profile_2Hz_wid.png>
Package pdftex.def Info: ./images/profile_2Hz_wid.png used on input line 504.
(pdftex.def)             Requested size: 220.50887pt x 115.56496pt.

<./images/profile_2Hz_wid2.png, id=125, 625.1355pt x 327.624pt>
File: ./images/profile_2Hz_wid2.png Graphic file (type png)

<use ./images/profile_2Hz_wid2.png>
Package pdftex.def Info: ./images/profile_2Hz_wid2.png used on input line 510.
(pdftex.def)             Requested size: 220.50887pt x 115.56496pt.
 [21 <./images/profile_1Hz_wid.png (PNG copy)> <./images/profile_1Hz_wid2.png (
PNG copy)> <./images/profile_2Hz_amp.png (PNG copy)> <./images/profile_2Hz_amp2
.png (PNG copy)>]
<./images/profile_4Hz_wid.png, id=129, 625.1355pt x 327.624pt>
File: ./images/profile_4Hz_wid.png Graphic file (type png)

<use ./images/profile_4Hz_wid.png>
Package pdftex.def Info: ./images/profile_4Hz_wid.png used on input line 523.
(pdftex.def)             Requested size: 220.50887pt x 115.56496pt.

<./images/profile_4Hz_wid2.png, id=130, 625.1355pt x 327.624pt>
File: ./images/profile_4Hz_wid2.png Graphic file (type png)

<use ./images/profile_4Hz_wid2.png>
Package pdftex.def Info: ./images/profile_4Hz_wid2.png used on input line 529.
(pdftex.def)             Requested size: 220.50887pt x 115.56496pt.

<./images/profile_7Hz_wid.png, id=131, 625.1355pt x 327.624pt>
File: ./images/profile_7Hz_wid.png Graphic file (type png)

<use ./images/profile_7Hz_wid.png>
Package pdftex.def Info: ./images/profile_7Hz_wid.png used on input line 541.
(pdftex.def)             Requested size: 220.50887pt x 115.56496pt.

<./images/profile_7Hz_wid2.png, id=132, 625.1355pt x 327.624pt>
File: ./images/profile_7Hz_wid2.png Graphic file (type png)

<use ./images/profile_7Hz_wid2.png>
Package pdftex.def Info: ./images/profile_7Hz_wid2.png used on input line 547.
(pdftex.def)             Requested size: 220.50887pt x 115.56496pt.

<./images/profile_10Hz_wid.png, id=133, 625.1355pt x 327.624pt>
File: ./images/profile_10Hz_wid.png Graphic file (type png)

<use ./images/profile_10Hz_wid.png>
Package pdftex.def Info: ./images/profile_10Hz_wid.png used on input line 559.
(pdftex.def)             Requested size: 220.50887pt x 115.56496pt.

<./images/profile_10Hz_wid2.png, id=134, 625.1355pt x 327.624pt>
File: ./images/profile_10Hz_wid2.png Graphic file (type png)

<use ./images/profile_10Hz_wid2.png>
Package pdftex.def Info: ./images/profile_10Hz_wid2.png used on input line 565.

(pdftex.def)             Requested size: 220.50887pt x 115.56496pt.

Underfull \vbox (badness 10000) has occurred while \output is active []

 [22 <./images/profile_2Hz_wid.png (PNG copy)> <./images/profile_2Hz_wid2.png (
PNG copy)> <./images/profile_4Hz_wid.png (PNG copy)> <./images/profile_4Hz_wid2
.png (PNG copy)> <./images/profile_7Hz_wid.png (PNG copy)> <./images/profile_7H
z_wid2.png (PNG copy)>] <./images/profile_12Hz_wid.png, id=138, 625.1355pt x 32
7.624pt>
File: ./images/profile_12Hz_wid.png Graphic file (type png)

<use ./images/profile_12Hz_wid.png>
Package pdftex.def Info: ./images/profile_12Hz_wid.png used on input line 577.
(pdftex.def)             Requested size: 220.50887pt x 115.56496pt.

<./images/profile_12Hz_wid2.png, id=139, 625.1355pt x 327.624pt>
File: ./images/profile_12Hz_wid2.png Graphic file (type png)

<use ./images/profile_12Hz_wid2.png>
Package pdftex.def Info: ./images/profile_12Hz_wid2.png used on input line 583.

(pdftex.def)             Requested size: 220.50887pt x 115.56496pt.
 [23 <./images/profile_10Hz_wid.png (PNG copy)> <./images/profile_10Hz_wid2.png
 (PNG copy)> <./images/profile_12Hz_wid.png (PNG copy)> <./images/profile_12Hz_
wid2.png (PNG copy)>]
Chapter 5.
[24

]
LaTeX Font Info:    Try loading font information for OT4+cmtt on input line 601
.
 ("C:\Program Files\MiKTeX 2.9\tex\latex\polski\ot4cmtt.fd"
File: ot4cmtt.fd 2008/02/24 v1.2.1 Font defs for fonts PL (MW)
) [25

]
(mgr_fiz.aux)
Package logreq Info: Writing requests to 'mgr_fiz.run.xml'.
\openout1 = `mgr_fiz.run.xml'.

 ) 
Here is how much of TeX's memory you used:
 10218 strings out of 493333
 177244 string characters out of 3139195
 595306 words of memory out of 3000000
 13573 multiletter control sequences out of 15000+200000
 16722 words of font info for 44 fonts, out of 3000000 for 9000
 1141 hyphenation exceptions out of 8191
 45i,8n,60p,1434b,1324s stack positions out of 5000i,500n,10000p,200000b,50000s
{C:/Program Files/MiKTeX 2.9/fonts/enc/dvips/pl/pltt.enc}{C:/Program Files/Mi
KTeX 2.9/fonts/enc/dvips/pl/plsc.enc}{C:/Program Files/MiKTeX 2.9/fonts/enc/dvi
ps/pl/plrm.enc}{C:/Program Files/MiKTeX 2.9/fonts/enc/dvips/pl/plme.enc}{C:/Pro
gram Files/MiKTeX 2.9/fonts/enc/dvips/pl/plmi.enc}{C:/Program Files/MiKTeX 2.9/
fonts/enc/dvips/pl/plms.enc}{C:/Program Files/MiKTeX 2.9/fonts/enc/dvips/pl/pli
t.enc}<C:/Program Files/MiKTeX 2.9/fonts/type1/public/pl/plbx10.pfb><C:/Program
 Files/MiKTeX 2.9/fonts/type1/public/pl/plbx12.pfb><C:/Program Files/MiKTeX 2.9
/fonts/type1/public/pl/plcsc10.pfb><C:/Program Files/MiKTeX 2.9/fonts/type1/pub
lic/pl/plex10.pfb><C:/Program Files/MiKTeX 2.9/fonts/type1/public/pl/plmi10.pfb
><C:/Program Files/MiKTeX 2.9/fonts/type1/public/pl/plmi8.pfb><C:/Program Files
/MiKTeX 2.9/fonts/type1/public/pl/plr10.pfb><C:/Program Files/MiKTeX 2.9/fonts/
type1/public/pl/plr12.pfb><C:/Program Files/MiKTeX 2.9/fonts/type1/public/pl/pl
r8.pfb><C:/Program Files/MiKTeX 2.9/fonts/type1/public/pl/plsl12.pfb><C:/Progra
m Files/MiKTeX 2.9/fonts/type1/public/pl/plsy8.pfb><C:/Program Files/MiKTeX 2.9
/fonts/type1/public/pl/plti10.pfb><C:/Program Files/MiKTeX 2.9/fonts/type1/publ
ic/pl/plti12.pfb><C:/Program Files/MiKTeX 2.9/fonts/type1/public/pl/pltt10.pfb>

Output written on mgr_fiz.pdf (27 pages, 2738827 bytes).
PDF statistics:
 203 PDF objects out of 1000 (max. 8388607)
 0 named destinations out of 1000 (max. 500000)
 246 words of extra memory for PDF output out of 10000 (max. 10000000)

